<?xml version="1.0" encoding="UTF-8"?>
<!-- Generated by org.testng.reporters.JUnitReportReporter -->
<testsuite hostname="LAPTOP-EHFD1NS5" failures="0" tests="9" name="com.supermarket.tests.ManageExpenseTestcase" time="89.409" errors="0" timestamp="2022-11-13T12:54:38 IST" skipped="0">
  <testcase classname="com.supermarket.tests.ManageExpenseTestcase" name="validateSearchExpenseCategory" time="4.077"/>
  <system-out/>
  <testcase classname="com.supermarket.tests.ManageExpenseTestcase" name="validateDeleteExpense" time="11.751"/>
  <system-out/>
  <testcase classname="com.supermarket.tests.ManageExpenseTestcase" name="validateRestrictDuplicateExpenseCategory" time="6.138"/>
  <system-out/>
  <testcase classname="com.supermarket.tests.ManageExpenseTestcase" name="validateDeleteExpenseCategory" time="8.054"/>
  <system-out/>
  <testcase classname="com.supermarket.tests.ManageExpenseTestcase" name="validateAddExpenseCategory" time="8.856"/>
  <system-out/>
  <testcase classname="com.supermarket.tests.ManageExpenseTestcase" name="validateSearchExpense" time="8.047"/>
  <system-out/>
  <testcase classname="com.supermarket.tests.ManageExpenseTestcase" name="validateEditExpense" time="24.645"/>
  <system-out/>
  <testcase classname="com.supermarket.tests.ManageExpenseTestcase" name="validateEditExpenseCategory" time="6.685"/>
  <system-out/>
  <testcase classname="com.supermarket.tests.ManageExpenseTestcase" name="validateAddExpense" time="11.156"/>
  <system-out/>
</testsuite> <!-- com.supermarket.tests.ManageExpenseTestcase -->
