<?xml version="1.0" encoding="UTF-8"?>
<!-- Generated by org.testng.reporters.JUnitReportReporter -->
<testsuite hostname="LAPTOP-EHFD1NS5" failures="0" tests="4" name="com.supermarket.tests.ManageLocationTestcase" time="26.729" errors="0" timestamp="2022-11-13T12:54:38 IST" skipped="0">
  <testcase classname="com.supermarket.tests.ManageLocationTestcase" name="validateEditLocation" time="6.171"/>
  <system-out/>
  <testcase classname="com.supermarket.tests.ManageLocationTestcase" name="validateAddLocation" time="4.956"/>
  <system-out/>
  <testcase classname="com.supermarket.tests.ManageLocationTestcase" name="validateSearchLocation" time="6.689"/>
  <system-out/>
  <testcase classname="com.supermarket.tests.ManageLocationTestcase" name="validateDeleteLocation" time="8.913"/>
  <system-out/>
</testsuite> <!-- com.supermarket.tests.ManageLocationTestcase -->
