<?xml version="1.0" encoding="UTF-8"?>
<!-- Generated by org.testng.reporters.JUnitReportReporter -->
<testsuite hostname="LAPTOP-EHFD1NS5" failures="0" tests="5" name="com.supermarket.tests.ManageProductTestcase" time="78.214" errors="0" timestamp="2022-11-13T12:54:38 IST" skipped="0">
  <testcase classname="com.supermarket.tests.ManageProductTestcase" name="validateDeleteProduct" time="19.341"/>
  <system-out/>
  <testcase classname="com.supermarket.tests.ManageProductTestcase" name="validateNumberOfProducts" time="6.979"/>
  <system-out/>
  <testcase classname="com.supermarket.tests.ManageProductTestcase" name="validateSearchProduct" time="15.532"/>
  <system-out/>
  <testcase classname="com.supermarket.tests.ManageProductTestcase" name="validateEditProduct" time="20.819"/>
  <system-out/>
  <testcase classname="com.supermarket.tests.ManageProductTestcase" name="validateAddProduct" time="15.543"/>
  <system-out/>
</testsuite> <!-- com.supermarket.tests.ManageProductTestcase -->
