<?xml version="1.0" encoding="UTF-8"?>
<!-- Generated by org.testng.reporters.JUnitReportReporter -->
<testsuite hostname="LAPTOP-EHFD1NS5" failures="0" tests="4" name="com.supermarket.tests.AdminUserTestcase" time="23.615" errors="0" timestamp="2022-11-13T12:54:38 IST" skipped="0">
  <testcase classname="com.supermarket.tests.AdminUserTestcase" name="validateDeleteUser" time="8.736"/>
  <system-out/>
  <testcase classname="com.supermarket.tests.AdminUserTestcase" name="validateAddUser" time="4.296"/>
  <system-out/>
  <testcase classname="com.supermarket.tests.AdminUserTestcase" name="validateEditUser" time="5.890"/>
  <system-out/>
  <testcase classname="com.supermarket.tests.AdminUserTestcase" name="validateSearchUser" time="4.693"/>
  <system-out/>
</testsuite> <!-- com.supermarket.tests.AdminUserTestcase -->
