<?xml version="1.0" encoding="UTF-8"?>
<!-- Generated by org.testng.reporters.JUnitReportReporter -->
<testsuite hostname="LAPTOP-EHFD1NS5" failures="0" tests="3" name="com.supermarket.tests.LoginTestcase" time="69.947" errors="0" timestamp="2022-11-26T13:20:43 IST" skipped="0">
  <testcase classname="com.supermarket.tests.LoginTestcase" name="validateWithValidCredentials" time="38.091"/>
  <system-out/>
  <testcase classname="com.supermarket.tests.LoginTestcase" name="validateWithInValidCredentials" time="15.913"/>
  <system-out/>
  <testcase classname="com.supermarket.tests.LoginTestcase" name="validateWithInValidCredentials" time="15.943"/>
  <system-out/>
</testsuite> <!-- com.supermarket.tests.LoginTestcase -->
