<?xml version="1.0" encoding="UTF-8"?>
<!-- Generated by org.testng.reporters.JUnitReportReporter -->
<testsuite hostname="LAPTOP-EHFD1NS5" failures="0" tests="4" name="com.supermarket.tests.ManageDeliveryBoyTestcase" time="44.199" errors="0" timestamp="2022-11-13T12:54:38 IST" skipped="0">
  <testcase classname="com.supermarket.tests.ManageDeliveryBoyTestcase" name="validateAddDeliveryBoy" time="9.185"/>
  <system-out/>
  <testcase classname="com.supermarket.tests.ManageDeliveryBoyTestcase" name="validateDeleteDeliveryBoy" time="10.918"/>
  <system-out/>
  <testcase classname="com.supermarket.tests.ManageDeliveryBoyTestcase" name="validateSearchDeliveryBoy" time="12.820"/>
  <system-out/>
  <testcase classname="com.supermarket.tests.ManageDeliveryBoyTestcase" name="validateEditDeliveryBoy" time="11.276"/>
  <system-out/>
</testsuite> <!-- com.supermarket.tests.ManageDeliveryBoyTestcase -->
