<?xml version="1.0" encoding="UTF-8"?>
<!-- Generated by org.testng.reporters.JUnitReportReporter -->
<testsuite hostname="LAPTOP-EHFD1NS5" failures="0" tests="2" name="com.supermarket.tests.ManageOrdersTestcase" time="13.610" errors="0" timestamp="2022-11-13T12:54:38 IST" skipped="0">
  <testcase classname="com.supermarket.tests.ManageOrdersTestcase" name="validateAssignDeliveryBoy" time="9.906"/>
  <system-out/>
  <testcase classname="com.supermarket.tests.ManageOrdersTestcase" name="validateOrderTotal" time="3.704"/>
  <system-out/>
</testsuite> <!-- com.supermarket.tests.ManageOrdersTestcase -->
