<?xml version="1.0" encoding="UTF-8"?>
<!-- Generated by org.testng.reporters.JUnitReportReporter -->
<testsuite hostname="LAPTOP-EHFD1NS5" failures="0" tests="3" name="com.supermarket.tests.LoginTestcase" time="8.312" errors="0" timestamp="2022-11-26T17:09:37 IST" skipped="0">
  <testcase classname="com.supermarket.tests.LoginTestcase" name="validateWithValidCredentials" time="3.085"/>
  <system-out/>
  <testcase classname="com.supermarket.tests.LoginTestcase" name="validateWithInValidCredentials" time="3.149"/>
  <system-out/>
  <testcase classname="com.supermarket.tests.LoginTestcase" name="validateWithInValidCredentials" time="2.078"/>
  <system-out/>
</testsuite> <!-- com.supermarket.tests.LoginTestcase -->
